2022-04-15 22:57 info: Server started on 5000
2022-04-15 22:58 info: Server started on 5000
2022-04-15 22:58 error: TokenExpiredError: jwt expired
2022-04-15 22:59 info: Server started on 5000
2022-04-15 22:59 info: Server started on 5000
2022-04-15 23:00 info: Server started on 5000
2022-04-15 23:02 info: Server started on 5000
2022-04-15 23:02 info: Server started on 5000
2022-04-15 23:03 info: Server started on 5000
2022-04-15 23:03 error: jwt expired
2022-04-15 23:04 error: Cannot read properties of undefined (reading 'split')
2022-04-15 23:04 error: Cannot read properties of undefined (reading 'split')
2022-04-15 23:05 info: Server started on 5000
2022-04-15 23:05 error: Cannot read properties of undefined (reading 'split')
2022-04-15 23:09 info: Server started on 5000
2022-04-15 23:10 error: Cannot read properties of undefined (reading 'split')
2022-04-15 23:12 info: Server started on 5000
2022-04-15 23:12 error: Cannot read properties of undefined (reading 'split')
2022-04-15 23:12 info: Server started on 5000
2022-04-15 23:21 info: Server started on 5000
2022-04-15 23:21 error: Cannot read properties of undefined (reading 'split')
2022-04-15 23:21 error: Cannot read properties of undefined (reading 'split')
2022-04-15 23:24 info: Server started on 5000
2022-04-15 23:24 error: Cannot read properties of undefined (reading 'split')
2022-04-15 23:24 info: Server started on 5000
2022-04-15 23:24 error: Cannot read properties of undefined (reading 'split')
2022-04-15 23:25 info: Server started on 5000
2022-04-15 23:25 error: Cannot read properties of undefined (reading 'split')
2022-04-15 23:26 info: Server started on 5000
2022-04-15 23:26 info: Server started on 5000
2022-04-15 23:26 error: Cannot read properties of undefined (reading 'split')
2022-04-15 23:29 info: Server started on 5000
2022-04-15 23:29 error: Cannot read properties of undefined (reading 'split')
2022-04-15 23:29 error: Cannot read properties of undefined (reading 'split')
2022-04-15 23:41 error: Cannot read properties of undefined (reading 'split')
2022-04-15 23:45 error: Cannot set headers after they are sent to the client
2022-04-15 23:48 info: Server started on 5000
2022-04-21 22:32 info: Server started on 5000
2022-04-21 22:34 error: Cannot read properties of undefined (reading 'split')
2022-04-21 22:51 info: Server started on 5000
2022-04-21 22:53 info: Server started on 5000
2022-04-22 15:33 info: Server started on 5000
2022-04-22 17:37 info: Server started on 5000
2022-04-22 17:38 info: Server started on 5000
2022-04-22 17:38 info: Server started on 5000
2022-04-22 17:39 info: Server started on 5000
2022-04-22 17:42 info: Server started on 5000
2022-04-22 17:49 info: Server started on 5000
2022-04-22 17:49 info: Server started on 5000
2022-04-22 17:52 info: Server started on 5000
2022-04-22 19:19 info: Server started on 5000
2022-04-22 19:20 info: Server started on 5000
2022-04-22 19:22 info: Server started on 5000
2022-04-22 19:26 info: Server started on 5000
2022-04-22 19:27 info: Server started on 5000
2022-04-22 19:27 info: Server started on 5000
2022-04-22 19:28 info: Server started on 5000
2022-04-22 19:29 info: Server started on 5000
2022-04-22 19:31 info: Server started on 5000
2022-04-22 19:33 info: Server started on 5000
2022-04-22 20:27 info: Server started on 5000
2022-04-22 20:50 info: Server started on 5000
2022-04-22 20:51 info: Server started on 5000
